<?xml version="1.0" encoding="UTF-8"?>
<testsuite xmlns:xsi="http://www.w3.org/2001/XMLSchema-instance" xsi:noNamespaceSchemaLocation="https://maven.apache.org/surefire/maven-surefire-plugin/xsd/surefire-test-report-3.0.xsd" version="3.0" name="com.mitocode.reservation.adapter.in.rest.reservation.ReservationControllerTest" time="2.343" tests="6" errors="0" skipped="0" failures="0">
  <properties>
[...]
</properties>
  <testcase name="givenValidCustomerId_getReservations_returnsReservations" classname="com.mitocode.reservation.adapter.in.rest.reservation.ReservationControllerTest" time="0.32">
    <system-out><![CDATA[2024-12-10T08:46:11.690-05:00  INFO 33796 --- [           main] t.c.s.AnnotationConfigContextLoaderUtils : Could not detect default configuration classes for test class [com.mitocode.reservation.adapter.in.rest.reservation.ReservationControllerTest]: ReservationControllerTest does not declare any static, non-private, non-final, nested classes annotated with @Configuration.
2024-12-10T08:46:11.711-05:00  INFO 33796 --- [           main] .b.t.c.SpringBootTestContextBootstrapper : Found @SpringBootConfiguration com.mitocode.reservation.SpringAppConfig for test class com.mitocode.reservation.adapter.in.rest.reservation.ReservationControllerTest

  .   ____          _            __ _ _
 /\\ / ___'_ __ _ _(_)_ __  __ _ \ \ \ \
( ( )\___ | '_ | '_| | '_ \/ _` | \ \ \ \
 \\/  ___)| |_)| | | | | || (_| |  ) ) ) )
  '  |____| .__|_| |_|_| |_\__, | / / / /
 =========|_|==============|___/=/_/_/_/
 :: Spring Boot ::                (v3.1.5)

2024-12-10T08:46:11.755-05:00  INFO 33796 --- [           main] c.m.r.a.i.r.r.ReservationControllerTest  : Starting ReservationControllerTest using Java 21.0.3 with PID 33796 (started by Mark4 in D:\MitoCode\Arquitectura_Hexagonal\repo_gym\hexagonal-architecture-java-2\adapter)
2024-12-10T08:46:11.755-05:00  INFO 33796 --- [           main] c.m.r.a.i.r.r.ReservationControllerTest  : The following 1 profile is active: "test"
2024-12-10T08:46:12.011-05:00  INFO 33796 --- [           main] .s.d.r.c.RepositoryConfigurationDelegate : Bootstrapping Spring Data JPA repositories in DEFAULT mode.
2024-12-10T08:46:12.040-05:00  INFO 33796 --- [           main] .s.d.r.c.RepositoryConfigurationDelegate : Finished Spring Data repository scanning in 28 ms. Found 2 JPA repository interfaces.
2024-12-10T08:46:12.342-05:00  INFO 33796 --- [           main] o.s.b.w.embedded.tomcat.TomcatWebServer  : Tomcat initialized with port(s): 0 (http)
2024-12-10T08:46:12.343-05:00  INFO 33796 --- [           main] o.apache.catalina.core.StandardService   : Starting service [Tomcat]
2024-12-10T08:46:12.344-05:00  INFO 33796 --- [           main] o.apache.catalina.core.StandardEngine    : Starting Servlet engine: [Apache Tomcat/10.1.15]
2024-12-10T08:46:12.385-05:00  INFO 33796 --- [           main] o.a.c.c.C.[Tomcat-1].[localhost].[/]     : Initializing Spring embedded WebApplicationContext
2024-12-10T08:46:12.385-05:00  INFO 33796 --- [           main] w.s.c.ServletWebServerApplicationContext : Root WebApplicationContext: initialization completed in 629 ms
2024-12-10T08:46:12.439-05:00  INFO 33796 --- [           main] com.zaxxer.hikari.HikariDataSource       : HikariPool-2 - Starting...
2024-12-10T08:46:12.440-05:00  INFO 33796 --- [           main] com.zaxxer.hikari.pool.HikariPool        : HikariPool-2 - Added connection conn10: url=jdbc:h2:mem:testdb user=SA
2024-12-10T08:46:12.440-05:00  INFO 33796 --- [           main] com.zaxxer.hikari.HikariDataSource       : HikariPool-2 - Start completed.
2024-12-10T08:46:12.445-05:00  INFO 33796 --- [           main] o.hibernate.jpa.internal.util.LogHelper  : HHH000204: Processing PersistenceUnitInfo [name: default]
2024-12-10T08:46:12.454-05:00  INFO 33796 --- [           main] o.s.o.j.p.SpringPersistenceUnitInfo      : No LoadTimeWeaver setup: ignoring JPA class transformer
2024-12-10T08:46:12.515-05:00  INFO 33796 --- [           main] o.h.e.t.j.p.i.JtaPlatformInitiator       : HHH000489: No JTA platform available (set 'hibernate.transaction.jta.platform' to enable JTA platform integration)
2024-12-10T08:46:12.527-05:00  INFO 33796 --- [           main] j.LocalContainerEntityManagerFactoryBean : Initialized JPA EntityManagerFactory for persistence unit 'default'
2024-12-10T08:46:12.556-05:00  WARN 33796 --- [           main] JpaBaseConfiguration$JpaWebConfiguration : spring.jpa.open-in-view is enabled by default. Therefore, database queries may be performed during view rendering. Explicitly configure spring.jpa.open-in-view to disable this warning
2024-12-10T08:46:12.584-05:00  INFO 33796 --- [           main] o.s.s.web.DefaultSecurityFilterChain     : Will secure any request with [org.springframework.security.web.session.DisableEncodeUrlFilter@5531484a, org.springframework.security.web.context.request.async.WebAsyncManagerIntegrationFilter@99caac2, org.springframework.security.web.context.SecurityContextHolderFilter@539f0729, org.springframework.security.web.header.HeaderWriterFilter@2c5b04c7, org.springframework.security.web.csrf.CsrfFilter@1a593fc7, org.springframework.security.web.authentication.logout.LogoutFilter@6026c754, org.springframework.security.oauth2.server.resource.web.authentication.BearerTokenAuthenticationFilter@3d7c21b7, org.springframework.security.web.savedrequest.RequestCacheAwareFilter@ebad9a, org.springframework.security.web.servletapi.SecurityContextHolderAwareRequestFilter@3fa27158, org.springframework.security.web.authentication.AnonymousAuthenticationFilter@5dcf8b37, org.springframework.security.web.access.ExceptionTranslationFilter@13e59265, org.springframework.security.web.access.intercept.AuthorizationFilter@3fb2306]
2024-12-10T08:46:12.786-05:00  INFO 33796 --- [           main] o.s.b.w.embedded.tomcat.TomcatWebServer  : Tomcat started on port(s): 50838 (http) with context path ''
2024-12-10T08:46:12.792-05:00  INFO 33796 --- [           main] c.m.r.a.i.r.r.ReservationControllerTest  : Started ReservationControllerTest in 1.073 seconds (process running for 13.568)
2024-12-10T08:46:12.943-05:00  INFO 33796 --- [o-auto-2-exec-1] o.a.c.c.C.[Tomcat-1].[localhost].[/]     : Initializing Spring DispatcherServlet 'dispatcherServlet'
2024-12-10T08:46:12.943-05:00  INFO 33796 --- [o-auto-2-exec-1] o.s.web.servlet.DispatcherServlet        : Initializing Servlet 'dispatcherServlet'
2024-12-10T08:46:12.944-05:00  INFO 33796 --- [o-auto-2-exec-1] o.s.web.servlet.DispatcherServlet        : Completed initialization in 1 ms
]]></system-out>
  </testcase>
  <testcase name="givenValidCustomerId_cancelReservation_invokesCancelUseCase" classname="com.mitocode.reservation.adapter.in.rest.reservation.ReservationControllerTest" time="0.175"/>
  <testcase name="givenValidData_makeReservation_addsReservation" classname="com.mitocode.reservation.adapter.in.rest.reservation.ReservationControllerTest" time="0.279">
    <system-out><![CDATA[hola-make
]]></system-out>
  </testcase>
  <testcase name="givenInvalidCustomerId_getReservations_returnsError" classname="com.mitocode.reservation.adapter.in.rest.reservation.ReservationControllerTest" time="0.184"/>
  <testcase name="givenNotEnoughSpots_makeReservation_returnsError" classname="com.mitocode.reservation.adapter.in.rest.reservation.ReservationControllerTest" time="0.134">
    <system-out><![CDATA[hola-make
]]></system-out>
  </testcase>
  <testcase name="givenClassNotFound_makeReservation_returnsError" classname="com.mitocode.reservation.adapter.in.rest.reservation.ReservationControllerTest" time="0.13">
    <system-out><![CDATA[hola-make
]]></system-out>
  </testcase>
</testsuite>