<?xml version="1.0" encoding="UTF-8"?>
<testsuite xmlns:xsi="http://www.w3.org/2001/XMLSchema-instance" xsi:noNamespaceSchemaLocation="https://maven.apache.org/surefire/maven-surefire-plugin/xsd/surefire-test-report-3.0.xsd" version="3.0" name="com.mitocode.reservation.model.reservation.ReservationTest" time="0.064" tests="5" errors="0" skipped="0" failures="0">
  <properties>
[...]
</properties>
  <testcase name="givenNegativeSpots_throwsException" classname="com.mitocode.reservation.model.reservation.ReservationTest" time="0.052"/>
  <testcase name="givenReservation_whenCancelled_thenStatusIsCancelled" classname="com.mitocode.reservation.model.reservation.ReservationTest" time="0.004"/>
  <testcase name="givenReservation_whenConfirmed_thenStatusIsConfirmed" classname="com.mitocode.reservation.model.reservation.ReservationTest" time="0.001"/>
  <testcase name="givenReservationWithInsufficientSpots_throwsException" classname="com.mitocode.reservation.model.reservation.ReservationTest" time="0.001"/>
  <testcase name="givenValidReservation_spotsAreReduced" classname="com.mitocode.reservation.model.reservation.ReservationTest" time="0.001"/>
</testsuite>